build/app/intermediates/manifest_merge_blame_file/debug/manifest-merger-blame-debug-report.txt
1<?xml version="1.0" encoding="utf-8"?>
2<manifest xmlns:android="http://schemas.android.com/apk/res/android"
3    package="com.example.refferal_code"
4    android:versionCode="1"
5    android:versionName="1.0.0" >
6
7    <uses-sdk
8        android:minSdkVersion="19"
9        android:targetSdkVersion="33" />
10    <!--
11         The INTERNET permission is required for development. Specifically,
12         the Flutter tool needs it to communicate with the running application
13         to allow setting breakpoints, to provide hot reload, etc.
14    -->
15    <uses-permission android:name="android.permission.INTERNET" />
15-->src/debug/AndroidManifest.xml:7:5-66
15-->src/debug/AndroidManifest.xml:7:22-64
16    <uses-permission android:name="android.permission.ACCESS_NETWORK_STATE" />
16-->[com.google.firebase:firebase-auth:21.1.0] AndroidManifest.xml:24:5-79
16-->[com.google.firebase:firebase-auth:21.1.0] AndroidManifest.xml:24:22-76
17
18    <application
19        android:name="android.app.Application"
20        android:appComponentFactory="androidx.core.app.CoreComponentFactory"
20-->[androidx.core:core:1.8.0] AndroidManifest.xml:24:18-86
21        android:debuggable="true"
22        android:icon="@mipmap/ic_launcher"
23        android:label="refferal_code" >
24        <activity
25            android:name="com.example.refferal_code.MainActivity"
26            android:configChanges="orientation|keyboardHidden|keyboard|screenSize|smallestScreenSize|locale|layoutDirection|fontScale|screenLayout|density|uiMode"
27            android:exported="true"
28            android:hardwareAccelerated="true"
29            android:launchMode="singleTop"
30            android:theme="@style/LaunchTheme"
31            android:windowSoftInputMode="adjustResize" >
32
33            <!--
34                 Specifies an Android theme to apply to this Activity as soon as
35                 the Android process has started. This theme is visible to the user
36                 while the Flutter UI initializes. After that, this theme continues
37                 to determine the Window background behind the Flutter UI.
38            -->
39            <meta-data
40                android:name="io.flutter.embedding.android.NormalTheme"
41                android:resource="@style/NormalTheme" />
42
43            <intent-filter>
44                <action android:name="android.intent.action.MAIN" />
45
46                <category android:name="android.intent.category.LAUNCHER" />
47            </intent-filter>
48        </activity>
49        <!--
50             Don't delete the meta-data below.
51             This is used by the Flutter tool to generate GeneratedPluginRegistrant.java
52        -->
53        <meta-data
54            android:name="flutterEmbedding"
55            android:value="2" />
56
57        <service
57-->[:firebase_auth] AndroidManifest.xml:10:9-14:19
58            android:name="com.google.firebase.components.ComponentDiscoveryService"
58-->[:firebase_auth] AndroidManifest.xml:10:18-89
59            android:directBootAware="true"
59-->[com.google.firebase:firebase-common:20.3.1] AndroidManifest.xml:34:13-43
60            android:exported="false" >
60-->[com.google.firebase:firebase-auth-ktx:21.1.0] AndroidManifest.xml:10:13-37
61            <meta-data
61-->[:firebase_auth] AndroidManifest.xml:11:13-13:85
62                android:name="com.google.firebase.components:io.flutter.plugins.firebase.auth.FlutterFirebaseAuthRegistrar"
62-->[:firebase_auth] AndroidManifest.xml:12:17-124
63                android:value="com.google.firebase.components.ComponentRegistrar" />
63-->[:firebase_auth] AndroidManifest.xml:13:17-82
64            <meta-data
64-->[:firebase_core] AndroidManifest.xml:11:13-13:85
65                android:name="com.google.firebase.components:io.flutter.plugins.firebase.core.FlutterFirebaseCoreRegistrar"
65-->[:firebase_core] AndroidManifest.xml:12:17-124
66                android:value="com.google.firebase.components.ComponentRegistrar" />
66-->[:firebase_core] AndroidManifest.xml:13:17-82
67            <meta-data
67-->[com.google.firebase:firebase-auth-ktx:21.1.0] AndroidManifest.xml:11:13-13:85
68                android:name="com.google.firebase.components:com.google.firebase.auth.ktx.FirebaseAuthKtxRegistrar"
68-->[com.google.firebase:firebase-auth-ktx:21.1.0] AndroidManifest.xml:12:17-116
69                android:value="com.google.firebase.components.ComponentRegistrar" />
69-->[com.google.firebase:firebase-auth-ktx:21.1.0] AndroidManifest.xml:13:17-82
70            <meta-data
70-->[com.google.firebase:firebase-common-ktx:20.3.1] AndroidManifest.xml:14:13-16:85
71                android:name="com.google.firebase.components:com.google.firebase.ktx.FirebaseCommonKtxRegistrar"
71-->[com.google.firebase:firebase-common-ktx:20.3.1] AndroidManifest.xml:15:17-113
72                android:value="com.google.firebase.components.ComponentRegistrar" />
72-->[com.google.firebase:firebase-common-ktx:20.3.1] AndroidManifest.xml:16:17-82
73            <meta-data
73-->[com.google.firebase:firebase-auth:21.1.0] AndroidManifest.xml:67:13-69:85
74                android:name="com.google.firebase.components:com.google.firebase.auth.FirebaseAuthRegistrar"
74-->[com.google.firebase:firebase-auth:21.1.0] AndroidManifest.xml:68:17-109
75                android:value="com.google.firebase.components.ComponentRegistrar" />
75-->[com.google.firebase:firebase-auth:21.1.0] AndroidManifest.xml:69:17-82
76        </service>
77
78        <receiver
78-->[:sms_autodetect] AndroidManifest.xml:10:9-17:20
79            android:name="com.sunil.sms_autodetect.SmsBroadcastReceiver"
79-->[:sms_autodetect] AndroidManifest.xml:11:13-73
80            android:exported="false"
80-->[:sms_autodetect] AndroidManifest.xml:12:13-37
81            android:permission="com.google.android.gms.auth.api.phone.permission.SEND" >
81-->[:sms_autodetect] AndroidManifest.xml:13:13-87
82            <intent-filter>
82-->[:sms_autodetect] AndroidManifest.xml:14:13-16:29
83                <action android:name="com.google.android.gms.auth.api.phone.SMS_RETRIEVED" />
83-->[:sms_autodetect] AndroidManifest.xml:15:17-94
83-->[:sms_autodetect] AndroidManifest.xml:15:25-91
84            </intent-filter>
85        </receiver>
86
87        <uses-library
87-->[androidx.window:window:1.0.0-beta04] AndroidManifest.xml:25:9-27:40
88            android:name="androidx.window.extensions"
88-->[androidx.window:window:1.0.0-beta04] AndroidManifest.xml:26:13-54
89            android:required="false" />
89-->[androidx.window:window:1.0.0-beta04] AndroidManifest.xml:27:13-37
90        <uses-library
90-->[androidx.window:window:1.0.0-beta04] AndroidManifest.xml:28:9-30:40
91            android:name="androidx.window.sidecar"
91-->[androidx.window:window:1.0.0-beta04] AndroidManifest.xml:29:13-51
92            android:required="false" />
92-->[androidx.window:window:1.0.0-beta04] AndroidManifest.xml:30:13-37
93
94        <activity
94-->[com.google.firebase:firebase-auth:21.1.0] AndroidManifest.xml:27:9-44:20
95            android:name="com.google.firebase.auth.internal.GenericIdpActivity"
95-->[com.google.firebase:firebase-auth:21.1.0] AndroidManifest.xml:28:13-80
96            android:excludeFromRecents="true"
96-->[com.google.firebase:firebase-auth:21.1.0] AndroidManifest.xml:29:13-46
97            android:exported="true"
97-->[com.google.firebase:firebase-auth:21.1.0] AndroidManifest.xml:30:13-36
98            android:launchMode="singleTask"
98-->[com.google.firebase:firebase-auth:21.1.0] AndroidManifest.xml:31:13-44
99            android:theme="@android:style/Theme.Translucent.NoTitleBar" >
99-->[com.google.firebase:firebase-auth:21.1.0] AndroidManifest.xml:32:13-72
100            <intent-filter>
100-->[com.google.firebase:firebase-auth:21.1.0] AndroidManifest.xml:33:13-43:29
101                <action android:name="android.intent.action.VIEW" />
101-->[com.google.firebase:firebase-auth:21.1.0] AndroidManifest.xml:34:17-69
101-->[com.google.firebase:firebase-auth:21.1.0] AndroidManifest.xml:34:25-66
102
103                <category android:name="android.intent.category.DEFAULT" />
103-->[com.google.firebase:firebase-auth:21.1.0] AndroidManifest.xml:36:17-76
103-->[com.google.firebase:firebase-auth:21.1.0] AndroidManifest.xml:36:27-73
104                <category android:name="android.intent.category.BROWSABLE" />
104-->[com.google.firebase:firebase-auth:21.1.0] AndroidManifest.xml:37:17-78
104-->[com.google.firebase:firebase-auth:21.1.0] AndroidManifest.xml:37:27-75
105
106                <data
106-->[com.google.firebase:firebase-auth:21.1.0] AndroidManifest.xml:39:17-42:51
107                    android:host="firebase.auth"
107-->[com.google.firebase:firebase-auth:21.1.0] AndroidManifest.xml:40:21-49
108                    android:path="/"
108-->[com.google.firebase:firebase-auth:21.1.0] AndroidManifest.xml:41:21-37
109                    android:scheme="genericidp" />
109-->[com.google.firebase:firebase-auth:21.1.0] AndroidManifest.xml:42:21-48
110            </intent-filter>
111        </activity>
112        <activity
112-->[com.google.firebase:firebase-auth:21.1.0] AndroidManifest.xml:45:9-62:20
113            android:name="com.google.firebase.auth.internal.RecaptchaActivity"
113-->[com.google.firebase:firebase-auth:21.1.0] AndroidManifest.xml:46:13-79
114            android:excludeFromRecents="true"
114-->[com.google.firebase:firebase-auth:21.1.0] AndroidManifest.xml:47:13-46
115            android:exported="true"
115-->[com.google.firebase:firebase-auth:21.1.0] AndroidManifest.xml:48:13-36
116            android:launchMode="singleTask"
116-->[com.google.firebase:firebase-auth:21.1.0] AndroidManifest.xml:49:13-44
117            android:theme="@android:style/Theme.Translucent.NoTitleBar" >
117-->[com.google.firebase:firebase-auth:21.1.0] AndroidManifest.xml:50:13-72
118            <intent-filter>
118-->[com.google.firebase:firebase-auth:21.1.0] AndroidManifest.xml:51:13-61:29
119                <action android:name="android.intent.action.VIEW" />
119-->[com.google.firebase:firebase-auth:21.1.0] AndroidManifest.xml:34:17-69
119-->[com.google.firebase:firebase-auth:21.1.0] AndroidManifest.xml:34:25-66
120
121                <category android:name="android.intent.category.DEFAULT" />
121-->[com.google.firebase:firebase-auth:21.1.0] AndroidManifest.xml:36:17-76
121-->[com.google.firebase:firebase-auth:21.1.0] AndroidManifest.xml:36:27-73
122                <category android:name="android.intent.category.BROWSABLE" />
122-->[com.google.firebase:firebase-auth:21.1.0] AndroidManifest.xml:37:17-78
122-->[com.google.firebase:firebase-auth:21.1.0] AndroidManifest.xml:37:27-75
123
124                <data
124-->[com.google.firebase:firebase-auth:21.1.0] AndroidManifest.xml:39:17-42:51
125                    android:host="firebase.auth"
125-->[com.google.firebase:firebase-auth:21.1.0] AndroidManifest.xml:40:21-49
126                    android:path="/"
126-->[com.google.firebase:firebase-auth:21.1.0] AndroidManifest.xml:41:21-37
127                    android:scheme="recaptcha" />
127-->[com.google.firebase:firebase-auth:21.1.0] AndroidManifest.xml:42:21-48
128            </intent-filter>
129        </activity>
130
131        <provider
131-->[com.google.firebase:firebase-common:20.3.1] AndroidManifest.xml:25:9-30:39
132            android:name="com.google.firebase.provider.FirebaseInitProvider"
132-->[com.google.firebase:firebase-common:20.3.1] AndroidManifest.xml:26:13-77
133            android:authorities="com.example.refferal_code.firebaseinitprovider"
133-->[com.google.firebase:firebase-common:20.3.1] AndroidManifest.xml:27:13-72
134            android:directBootAware="true"
134-->[com.google.firebase:firebase-common:20.3.1] AndroidManifest.xml:28:13-43
135            android:exported="false"
135-->[com.google.firebase:firebase-common:20.3.1] AndroidManifest.xml:29:13-37
136            android:initOrder="100" />
136-->[com.google.firebase:firebase-common:20.3.1] AndroidManifest.xml:30:13-36
137
138        <activity
138-->[com.google.android.gms:play-services-auth:20.2.0] AndroidManifest.xml:23:9-27:75
139            android:name="com.google.android.gms.auth.api.signin.internal.SignInHubActivity"
139-->[com.google.android.gms:play-services-auth:20.2.0] AndroidManifest.xml:24:13-93
140            android:excludeFromRecents="true"
140-->[com.google.android.gms:play-services-auth:20.2.0] AndroidManifest.xml:25:13-46
141            android:exported="false"
141-->[com.google.android.gms:play-services-auth:20.2.0] AndroidManifest.xml:26:13-37
142            android:theme="@android:style/Theme.Translucent.NoTitleBar" />
142-->[com.google.android.gms:play-services-auth:20.2.0] AndroidManifest.xml:27:13-72
143        <!--
144            Service handling Google Sign-In user revocation. For apps that do not integrate with
145            Google Sign-In, this service will never be started.
146        -->
147        <service
147-->[com.google.android.gms:play-services-auth:20.2.0] AndroidManifest.xml:33:9-37:51
148            android:name="com.google.android.gms.auth.api.signin.RevocationBoundService"
148-->[com.google.android.gms:play-services-auth:20.2.0] AndroidManifest.xml:34:13-89
149            android:exported="true"
149-->[com.google.android.gms:play-services-auth:20.2.0] AndroidManifest.xml:35:13-36
150            android:permission="com.google.android.gms.auth.api.signin.permission.REVOCATION_NOTIFICATION"
150-->[com.google.android.gms:play-services-auth:20.2.0] AndroidManifest.xml:36:13-107
151            android:visibleToInstantApps="true" />
151-->[com.google.android.gms:play-services-auth:20.2.0] AndroidManifest.xml:37:13-48
152
153        <activity
153-->[com.google.android.gms:play-services-base:18.0.1] AndroidManifest.xml:20:9-22:45
154            android:name="com.google.android.gms.common.api.GoogleApiActivity"
154-->[com.google.android.gms:play-services-base:18.0.1] AndroidManifest.xml:20:19-85
155            android:exported="false"
155-->[com.google.android.gms:play-services-base:18.0.1] AndroidManifest.xml:22:19-43
156            android:theme="@android:style/Theme.Translucent.NoTitleBar" />
156-->[com.google.android.gms:play-services-base:18.0.1] AndroidManifest.xml:21:19-78
157
158        <meta-data
158-->[com.google.android.gms:play-services-basement:18.1.0] AndroidManifest.xml:21:9-23:69
159            android:name="com.google.android.gms.version"
159-->[com.google.android.gms:play-services-basement:18.1.0] AndroidManifest.xml:22:13-58
160            android:value="@integer/google_play_services_version" />
160-->[com.google.android.gms:play-services-basement:18.1.0] AndroidManifest.xml:23:13-66
161    </application>
162
163</manifest>